f:\vsprojects\atlvba\atlvba\release\vc141.pdb
f:\vsprojects\atlvba\atlvba\release\atlvba.obj
f:\vsprojects\atlvba\atlvba\release\atlvba_i.obj
f:\vsprojects\atlvba\atlvba\release\strhlp.obj
f:\vsprojects\atlvba\atlvba\release\callhelp.obj
f:\vsprojects\atlvba\atlvba\release\dllmain.obj
f:\vsprojects\atlvba\atlvba\release\memhlp.obj
f:\vsprojects\atlvba\atlvba\release\functions.obj
f:\vsprojects\atlvba\atlvba\release\xdlldata.obj
f:\vsprojects\atlvba\atlvba\release\atlvba.tlb
f:\vsprojects\atlvba\atlvba\atlvba_i.c
f:\vsprojects\atlvba\atlvba\atlvba_i.h
f:\vsprojects\atlvba\atlvba\release\atlvba.tlog\cl.command.1.tlog
f:\vsprojects\atlvba\atlvba\release\atlvba.tlog\cl.read.1.tlog
f:\vsprojects\atlvba\atlvba\release\atlvba.tlog\cl.write.1.tlog
f:\vsprojects\atlvba\atlvba\release\atlvba.tlog\midl.command.1.tlog
f:\vsprojects\atlvba\atlvba\release\atlvba.tlog\midl.read.1.tlog
f:\vsprojects\atlvba\atlvba\release\atlvba.tlog\midl.write.1.tlog
f:\vsprojects\atlvba\atlvba\release\atlvba.tlog\rc.command.1.tlog
f:\vsprojects\atlvba\atlvba\release\atlvba.tlog\rc.read.1.tlog
f:\vsprojects\atlvba\atlvba\release\atlvba.tlog\rc.write.1.tlog
