f:\vsprojects\atlvba\x64\release\atlvba.lib
f:\vsprojects\atlvba\x64\release\atlvba.exp
f:\vsprojects\atlvba\atlvba\x64\release\vc141.pdb
f:\vsprojects\atlvba\atlvba\x64\release\atlvba.obj
f:\vsprojects\atlvba\atlvba\x64\release\atlvba_i.obj
f:\vsprojects\atlvba\atlvba\x64\release\strhlp.obj
f:\vsprojects\atlvba\atlvba\x64\release\callhelp.obj
f:\vsprojects\atlvba\atlvba\x64\release\dllmain.obj
f:\vsprojects\atlvba\atlvba\x64\release\functions.obj
f:\vsprojects\atlvba\atlvba\x64\release\memhlp.obj
f:\vsprojects\atlvba\atlvba\x64\release\xdlldata.obj
f:\vsprojects\atlvba\x64\release\atlvba.dll
f:\vsprojects\atlvba\x64\release\atlvba.pdb
f:\vsprojects\atlvba\atlvba\x64\release\atlvba.tlb
f:\vsprojects\atlvba\atlvba\atlvba_i.c
f:\vsprojects\atlvba\atlvba\atlvba_i.h
f:\vsprojects\atlvba\atlvba\x64\release\atlvba.res
f:\vsprojects\atlvba\atlvba\x64\release\atlvba.tlog\atlvba.write.1u.tlog
f:\vsprojects\atlvba\atlvba\x64\release\atlvba.tlog\cl.command.1.tlog
f:\vsprojects\atlvba\atlvba\x64\release\atlvba.tlog\cl.read.1.tlog
f:\vsprojects\atlvba\atlvba\x64\release\atlvba.tlog\cl.write.1.tlog
f:\vsprojects\atlvba\atlvba\x64\release\atlvba.tlog\link.command.1.tlog
f:\vsprojects\atlvba\atlvba\x64\release\atlvba.tlog\link.read.1.tlog
f:\vsprojects\atlvba\atlvba\x64\release\atlvba.tlog\link.write.1.tlog
f:\vsprojects\atlvba\atlvba\x64\release\atlvba.tlog\midl.command.1.tlog
f:\vsprojects\atlvba\atlvba\x64\release\atlvba.tlog\midl.read.1.tlog
f:\vsprojects\atlvba\atlvba\x64\release\atlvba.tlog\midl.write.1.tlog
f:\vsprojects\atlvba\atlvba\x64\release\atlvba.tlog\rc.command.1.tlog
f:\vsprojects\atlvba\atlvba\x64\release\atlvba.tlog\rc.read.1.tlog
f:\vsprojects\atlvba\atlvba\x64\release\atlvba.tlog\rc.write.1.tlog
